[20:15:23]    __________  ________________ 
[20:15:23]   /  _/ ___/ |/ /  _/_  __/ __/ 
[20:15:23]  _/ // (7 7    // /  / / / _/   
[20:15:23] /___/\___/_/|_/___/ /_/ /x___/  
[20:15:23] 
[20:15:23] ver. 2.13.0#20220420-sha1:551f6ece
[20:15:23] 2022 Copyright(C) Apache Software Foundation
[20:15:23] 
[20:15:23] Ignite documentation: https://ignite.apache.org
[20:15:23] 
[20:15:23] Quiet mode.
[20:15:23]   ^-- Logging to file '/home/lalitsc/apache-ignite-2.13.0-bin/work/log/ignite-4a85063c.0.log'
[20:15:23]   ^-- Logging by 'JavaLogger [quiet=true, config=null]'
[20:15:23]   ^-- To see **FULL** console log here add -DIGNITE_QUIET=false or "-v" to ignite.{sh|bat}
[20:15:23] 
[20:15:23] OS: Linux 5.18.18-200.fc36.x86_64 amd64
[20:15:23] VM information: OpenJDK Runtime Environment 1.8.0_345-b01 Red Hat, Inc. OpenJDK 64-Bit Server VM 25.345-b01
[20:15:23] Please set system property '-Djava.net.preferIPv4Stack=true' to avoid possible problems in mixed environments.
[20:15:23] Configured plugins:
[20:15:23]   ^-- None
[20:15:23] 
[20:15:23] Configured failure handler: [hnd=StopNodeOrHaltFailureHandler [tryStop=false, timeout=0, super=AbstractFailureHandler [ignoredFailureTypes=UnmodifiableSet [SYSTEM_WORKER_BLOCKED, SYSTEM_CRITICAL_OPERATION_TIMEOUT]]]]
[20:15:23] Initial heap size is 116MB (should be no less than 512MB, use -Xms512m -Xmx512m).
[20:15:23] Message queue limit is set to 0 which may lead to potential OOMEs when running cache operations in FULL_ASYNC or PRIMARY_SYNC modes due to message queues growth on sender and receiver sides.
[20:15:24] REST protocols do not start on client node. To start the protocols on client node set '-DIGNITE_REST_START_ON_CLIENT=true' system property.
[20:15:26] Nodes started on local machine require more than 80% of physical RAM what can lead to significant slowdown due to swapping (please decrease JVM heap size, data region size or checkpoint buffer size) [required=4807MB, available=7303MB]
[20:15:26] Security status [authentication=off, sandbox=off, tls/ssl=off]
[20:15:26] Performance suggestions for grid  (fix if possible)
[20:15:26] To disable, set -DIGNITE_PERFORMANCE_SUGGESTIONS_DISABLED=true
[20:15:26]   ^-- Switch to the most recent 11 JVM version
[20:15:26]   ^-- Enable G1 Garbage Collector (add '-XX:+UseG1GC' to JVM options)
[20:15:26]   ^-- Specify JVM heap max size (add '-Xmx<size>[g|G|m|M|k|K]' to JVM options)
[20:15:26]   ^-- Set max direct memory size if getting 'OOME: Direct buffer memory' (add '-XX:MaxDirectMemorySize=<size>[g|G|m|M|k|K]' to JVM options)
[20:15:26]   ^-- Speed up flushing of dirty pages by OS (alter vm.dirty_expire_centisecs parameter by setting to 500)
[20:15:26]   ^-- Reduce pages swapping ratio (set vm.swappiness=10 or less)
[20:15:26] Refer to this page for more performance suggestions: https://ignite.apache.org/docs/latest/perf-and-troubleshooting/memory-tuning
[20:15:26] 
[20:15:26] To start Console Management & Monitoring run ignitevisorcmd.{sh|bat}
[20:15:26] 
[20:15:26] Ignite node started OK (id=4a85063c)
[20:15:26] Topology snapshot [ver=2, locNode=4a85063c, servers=1, clients=1, state=ACTIVE, CPUs=6, offheap=1.4GB, heap=3.2GB]
[20:15:26]   ^-- Baseline [id=0, size=1, online=1, offline=0]
>> Created the cache and add the values.
>> Compute task is executed, check for output on the server nodes.
[20:15:26] Ignite node stopped OK [uptime=00:00:00.367]
